<?xml version="1.0" encoding="UTF-8"?>
<!-- Generated by org.testng.reporters.JUnitXMLReporter -->
<testsuite ignored="0" hostname="HYL-777641" failures="1" tests="6" name="Test" time="62.81" errors="0" timestamp="2021-07-06T12:53:48 IST">
  <testcase classname="io.cucumber.testng.AbstractTestNGCucumberTests" name="runScenario" time="7.281"/>
  <testcase classname="io.cucumber.testng.AbstractTestNGCucumberTests" name="runScenario" time="19.832"/>
  <testcase classname="io.cucumber.testng.AbstractTestNGCucumberTests" name="runScenario" time="7.699"/>
  <testcase classname="io.cucumber.testng.AbstractTestNGCucumberTests" name="runScenario" time="6.887"/>
  <testcase classname="io.cucumber.testng.AbstractTestNGCucumberTests" name="runScenario" time="5.85"/>
  <testcase classname="io.cucumber.testng.AbstractTestNGCucumberTests" name="runScenario" time="14.123">
    <failure type="org.sikuli.script.FindFailed" message="src/test/resources/Images/HelpUsImproveImage.jpg not loaded">
      <![CDATA[FindFailed: src/test/resources/Images/HelpUsImproveImage.jpg not loaded
  Line 2284, in file Region.java

at org.sikuli.script.Region.wait(Region.java:2284)
at org.sikuli.script.Region.wait(Region.java:2302)
at org.sikuli.script.Region.getLocationFromTarget(Region.java:3329)
at org.sikuli.script.Region.click(Region.java:3982)
at org.sikuli.script.Region.click(Region.java:3958)
at pageObjects.HappySmileyPageObjects.provideRating(HappySmileyPageObjects.java:33)
at stepDefs.HappySmileyStepDef.user_gives_the_rating(HappySmileyStepDef.java:22)
at ✽.User gives the rating(file:///C:/Users/pchatterjee/eclipse-workspace/OneMap/src/test/resources/FeatureFiles/OneMap.feature:64)
]]>
    </failure>
  </testcase> <!-- runScenario -->
</testsuite> <!-- Test -->
