-------------------------------------------------------------------------------
Test set: TestSuite
-------------------------------------------------------------------------------
Tests run: 6, Failures: 1, Errors: 0, Skipped: 0, Time elapsed: 63.635 s <<< FAILURE! - in TestSuite
testRunner.TestRunner.runScenario["Validate Happy Smiley Option", "Optional[Validate the OneMap site]"](6)  Time elapsed: 14.435 s  <<< FAILURE!
org.sikuli.script.FindFailed: src/test/resources/Images/HelpUsImproveImage.jpg not loaded

