<?xml version="1.0" encoding="UTF-8"?>
<testsuite xmlns:xsi="http://www.w3.org/2001/XMLSchema-instance" xsi:noNamespaceSchemaLocation="https://maven.apache.org/surefire/maven-surefire-plugin/xsd/surefire-test-report-3.0.xsd" version="3.0" name="TestSuite" time="63.635" tests="6" errors="0" skipped="0" failures="1">
  <properties>
[...]
</properties>
  <testcase name="runScenario[&quot;Validate Different options in Home Page&quot;, &quot;Optional[Validate the OneMap site]&quot;](1)" classname="testRunner.TestRunner" time="7.482">
    <system-out><![CDATA[
Scenario: Validate Different options in Home Page              # src/test/resources/FeatureFiles/OneMap.feature:3
  Given User is on HomePage of URL "https://www.onemap.gov.sg" # stepDefs.HomePageStepDef.user_is_on_HomePage_of_URL_oneMap(java.lang.String)
  When Validate that home page heading is displayed            # stepDefs.HomePageStepDef.validate_that_home_page_heading_is_displayed()
  Then Validate that searchbox is enabled                      # stepDefs.HomePageStepDef.validate_that_searchbox_is_enabled()
  And Validate that Vaccination Centres icon is enabled        # stepDefs.HomePageStepDef.validate_that_Vaccination_Centres_icon_is_enabled()
  Then Validate that Covid Test Provider icon is enabled       # stepDefs.HomePageStepDef.validate_that_Covid_Test_Provider_icon_is_enabled()
  And Validate that Nearby Parks icon is enabled               # stepDefs.HomePageStepDef.validate_that_Nearby_Parks_icon_is_enabled()
  Then Validate that Essential Amenities icon is enabled       # stepDefs.HomePageStepDef.validate_that_Essential_Amenities_icon_is_enabled()
  And Validate that School Query icon is enabled               # stepDefs.HomePageStepDef.validate_that_School_Query_icon_is_enabled()
  Then Validate that More Menu icon is enabled                 # stepDefs.HomePageStepDef.validate_that_More_Menu_icon_is_enabled()
  And Validate that notification icon is enabled               # stepDefs.HomePageStepDef.validate_that_notification_icon_is_enabled()
  Then Validate that Map Tools icon is enabled                 # stepDefs.HomePageStepDef.validate_that_Map_Tools_icon_is_enabled()
  And Validate that toggle icon is enabled                     # stepDefs.HomePageStepDef.validate_that_toggle_icon_is_enabled()
]]></system-out>
    <system-err><![CDATA[Starting ChromeDriver 91.0.4472.101 (af52a90bf87030dd1523486a1cd3ae25c5d76c9b-refs/branch-heads/4472@{#1462}) on port 16603
Only local connections are allowed.
Please see https://chromedriver.chromium.org/security-considerations for suggestions on keeping ChromeDriver safe.
ChromeDriver was started successfully.
Jul 06, 2021 12:52:48 PM org.openqa.selenium.remote.ProtocolHandshake createSession
INFO: Detected dialect: W3C
]]></system-err>
  </testcase>
  <testcase name="runScenario[&quot;Validate Covid Test Providers Option&quot;, &quot;Optional[Validate the OneMap site]&quot;](2)" classname="testRunner.TestRunner" time="19.823">
    <system-out><![CDATA[
Scenario: Validate Covid Test Providers Option                                     # src/test/resources/FeatureFiles/OneMap.feature:17
  Given User is on HomePage of URL "https://www.onemap.gov.sg"                     # stepDefs.HomePageStepDef.user_is_on_HomePage_of_URL_oneMap(java.lang.String)
  When User can click Covid Test Providers option                                  # stepDefs.CovidTestProvidersStepDef.User_can_click_Covid_Test_Providers_option()
  Then Validate that Covid Test Providers opens                                    # stepDefs.CovidTestProvidersStepDef.validate_that_Covid_Test_Providers_opens()
  When User successfully search "102 THOMSON RIDGE THOMSON RIDGE SINGAPORE 574684" # stepDefs.CovidTestProvidersStepDef.user_successfully_search_text(java.lang.String)
  And User can click on list of covid swab providers link                          # stepDefs.CovidTestProvidersStepDef.user_can_click_on_list_of_covid_swab_providers_link()
  Then A seperate window of moh opens                                              # stepDefs.CovidTestProvidersStepDef.a_seperate_window_of_moh_opens()
The link with Text hereis broken with code: 403
The link with Text hereis broken with code: 403
The link with Text hereis broken with code: 403
The link with Text My Health Recordis broken with code: 404
The link with Text is broken with code: 404
The link with Text is broken with code: 404
The link with Text Report Vulnerabilityis broken with code: 451
The link with Text is broken with code: 404
  And Validate no link is broken                                                   # stepDefs.CovidTestProvidersStepDef.validate_no_link_is_broken()
]]></system-out>
    <system-err><![CDATA[Starting ChromeDriver 91.0.4472.101 (af52a90bf87030dd1523486a1cd3ae25c5d76c9b-refs/branch-heads/4472@{#1462}) on port 11605
Only local connections are allowed.
Please see https://chromedriver.chromium.org/security-considerations for suggestions on keeping ChromeDriver safe.
ChromeDriver was started successfully.
Jul 06, 2021 12:52:55 PM org.openqa.selenium.remote.ProtocolHandshake createSession
INFO: Detected dialect: W3C
]]></system-err>
  </testcase>
  <testcase name="runScenario[&quot;Validate Nearby Park Option&quot;, &quot;Optional[Validate the OneMap site]&quot;](3)" classname="testRunner.TestRunner" time="7.647">
    <system-out><![CDATA[
Scenario: Validate Nearby Park Option                            # src/test/resources/FeatureFiles/OneMap.feature:26
  Given User is on HomePage of URL "https://www.onemap.gov.sg"   # stepDefs.HomePageStepDef.user_is_on_HomePage_of_URL_oneMap(java.lang.String)
  When User can click Nearby Park option                         # stepDefs.NearbyParkStepDefs.user_can_click_Nearby_Park_option()
  And User click on the OK button                                # stepDefs.NearbyParkStepDefs.user_click_on_the_OK_button()
  Then Validate that Nearby Park opens                           # stepDefs.NearbyParkStepDefs.validate_that_Nearby_Park_opens()
nationalparks.kml file downloaded
  When Validate that User successfully download the KML document # stepDefs.NearbyParkStepDefs.validate_that_User_successfully_download_the_KML_document()
  And User click on Cancel button                                # stepDefs.NearbyParkStepDefs.user_click_on_Cancel_button()
  Then User click on the Information icon                        # stepDefs.NearbyParkStepDefs.user_click_on_the_Information_icon()
  And Validate that Information window is opening                # stepDefs.NearbyParkStepDefs.validate_that_Information_window_is_opening()
  And User click on the OK button                                # stepDefs.NearbyParkStepDefs.user_click_on_the_OK_button()
]]></system-out>
    <system-err><![CDATA[Starting ChromeDriver 91.0.4472.101 (af52a90bf87030dd1523486a1cd3ae25c5d76c9b-refs/branch-heads/4472@{#1462}) on port 14349
Only local connections are allowed.
Please see https://chromedriver.chromium.org/security-considerations for suggestions on keeping ChromeDriver safe.
ChromeDriver was started successfully.
Jul 06, 2021 12:53:14 PM org.openqa.selenium.remote.ProtocolHandshake createSession
INFO: Detected dialect: W3C
]]></system-err>
  </testcase>
  <testcase name="runScenario[&quot;Validate Essential Amenities Option&quot;, &quot;Optional[Validate the OneMap site]&quot;](4)" classname="testRunner.TestRunner" time="6.87">
    <system-out><![CDATA[
Scenario: Validate Essential Amenities Option                  # src/test/resources/FeatureFiles/OneMap.feature:37
  Given User is on HomePage of URL "https://www.onemap.gov.sg" # stepDefs.HomePageStepDef.user_is_on_HomePage_of_URL_oneMap(java.lang.String)
[error] ImagePath: find: not there: src/test/resources/Images/RetailPharmacyLocationsImage.jpg
  When User can click Essential Amenities option               # stepDefs.EssentialAmenitiesStepDef.User_can_click_Essential_Amenities_option()
  And User click on the OK button                              # stepDefs.NearbyParkStepDefs.user_click_on_the_OK_button()
  Then Validate that Essential Amenities opens                 # stepDefs.EssentialAmenitiesStepDef.validate_that_Essential_Amenities_opens()
  When User clicks on the Retail Pharmacy Locations Option     # stepDefs.EssentialAmenitiesStepDef.user_clicks_on_the_Retail_Pharmacy_Locations_Option()
  And Validate that cancel button is enabled                   # stepDefs.EssentialAmenitiesStepDef.validate_that_cancel_button_is_enabled()
  Then User click on Yes button                                # stepDefs.EssentialAmenitiesStepDef.user_click_on_Yes_button()
  And Validate that Retail Pharmacy Locations present in Map   # stepDefs.EssentialAmenitiesStepDef.validate_that_Retail_Pharmacy_Locations_present_in_Map()
]]></system-out>
    <system-err><![CDATA[Starting ChromeDriver 91.0.4472.101 (af52a90bf87030dd1523486a1cd3ae25c5d76c9b-refs/branch-heads/4472@{#1462}) on port 19179
Only local connections are allowed.
Please see https://chromedriver.chromium.org/security-considerations for suggestions on keeping ChromeDriver safe.
ChromeDriver was started successfully.
Jul 06, 2021 12:53:22 PM org.openqa.selenium.remote.ProtocolHandshake createSession
INFO: Detected dialect: W3C
]]></system-err>
  </testcase>
  <testcase name="runScenario[&quot;Validate Different options in More Menu&quot;, &quot;Optional[Validate the OneMap site]&quot;](5)" classname="testRunner.TestRunner" time="5.943">
    <system-out><![CDATA[
Scenario: Validate Different options in More Menu                                # src/test/resources/FeatureFiles/OneMap.feature:47
  Given User is on HomePage of URL "https://www.onemap.gov.sg"                   # stepDefs.HomePageStepDef.user_is_on_HomePage_of_URL_oneMap(java.lang.String)
  When Validate that More Menu icon is enabled                                   # stepDefs.HomePageStepDef.validate_that_More_Menu_icon_is_enabled()
  Then Validate that user can click phpcDisplay in moreMenu options              # stepDefs.MoreMenuStepDef.validate_that_user_can_click_phpcDisplay_in_moreMenu_options()
  And Validate that all the options in phpcDisplay are present                   # stepDefs.MoreMenuStepDef.validate_that_all_the_options_in_phpcDisplay_are_present()
  Then Validate that user can click LandQuery in moreMenu options                # stepDefs.MoreMenuStepDef.validate_that_user_can_click_LandQuery_in_moreMenu_options()
  And Validate that query and tenure options in phpcDisplay are present          # stepDefs.MoreMenuStepDef.validate_that_query_and_tenure_options_in_LandQuery_are_present()
  Then Validate that user can click DroneQuery in moreMenu options               # stepDefs.MoreMenuStepDef.validate_that_user_can_click_DroneQuery_in_moreMenu_options()
  And Validate that all options in DroneQuery are present                        # stepDefs.MoreMenuStepDef.validate_that_all_options_in_DroneQuery_are_present()
  Then Validate that user can click About One Map in moreMenu options            # stepDefs.MoreMenuStepDef.validate_that_user_can_click_About_One_Map_in_moreMenu_options()
  And Validate that email and homepage link options in About One Map are present # stepDefs.MoreMenuStepDef.validate_that_email_and_homepage_link_options_in_DroneQuery_are_present()
  Then Validate that user can click Help in moreMenu options                     # stepDefs.MoreMenuStepDef.validate_that_user_can_click_Help_in_moreMenu_options()
  And Validate that all options in Help are present                              # stepDefs.MoreMenuStepDef.validate_that_all_the_options_in_Help_are_present()
]]></system-out>
    <system-err><![CDATA[Starting ChromeDriver 91.0.4472.101 (af52a90bf87030dd1523486a1cd3ae25c5d76c9b-refs/branch-heads/4472@{#1462}) on port 34298
Only local connections are allowed.
Please see https://chromedriver.chromium.org/security-considerations for suggestions on keeping ChromeDriver safe.
ChromeDriver was started successfully.
Jul 06, 2021 12:53:29 PM org.openqa.selenium.remote.ProtocolHandshake createSession
INFO: Detected dialect: W3C
]]></system-err>
  </testcase>
  <testcase name="runScenario[&quot;Validate Happy Smiley Option&quot;, &quot;Optional[Validate the OneMap site]&quot;](6)" classname="testRunner.TestRunner" time="14.435">
    <failure message="src/test/resources/Images/HelpUsImproveImage.jpg not loaded" type="org.sikuli.script.FindFailed"><![CDATA[org.sikuli.script.FindFailed: src/test/resources/Images/HelpUsImproveImage.jpg not loaded
]]></failure>
    <system-out><![CDATA[
Scenario: Validate Happy Smiley Option                         # src/test/resources/FeatureFiles/OneMap.feature:61
  Given User is on HomePage of URL "https://www.onemap.gov.sg" # stepDefs.HomePageStepDef.user_is_on_HomePage_of_URL_oneMap(java.lang.String)
[error] ImagePath: find: not there: src/test/resources/Images/happySmiley.jpg
  When User goes to Happy Smiley in homepage                   # stepDefs.HappySmileyStepDef.user_goes_to_Happy_Smiley_in_homepage()
[error] ImagePath: find: not there: src/test/resources/Images/HelpUsImproveImage.jpg
  Then User gives the rating                                   # stepDefs.HappySmileyStepDef.user_gives_the_rating()
      FindFailed: src/test/resources/Images/HelpUsImproveImage.jpg not loaded
  Line 2284, in file Region.java

	at org.sikuli.script.Region.wait(Region.java:2284)
	at org.sikuli.script.Region.wait(Region.java:2302)
	at org.sikuli.script.Region.getLocationFromTarget(Region.java:3329)
	at org.sikuli.script.Region.click(Region.java:3982)
	at org.sikuli.script.Region.click(Region.java:3958)
	at pageObjects.HappySmileyPageObjects.provideRating(HappySmileyPageObjects.java:33)
	at stepDefs.HappySmileyStepDef.user_gives_the_rating(HappySmileyStepDef.java:22)
	at âœ½.User gives the rating(file:///C:/Users/pchatterjee/eclipse-workspace/OneMap/src/test/resources/FeatureFiles/OneMap.feature:64)

]]></system-out>
    <system-err><![CDATA[Starting ChromeDriver 91.0.4472.101 (af52a90bf87030dd1523486a1cd3ae25c5d76c9b-refs/branch-heads/4472@{#1462}) on port 43443
Only local connections are allowed.
Please see https://chromedriver.chromium.org/security-considerations for suggestions on keeping ChromeDriver safe.
ChromeDriver was started successfully.
Jul 06, 2021 12:53:35 PM org.openqa.selenium.remote.ProtocolHandshake createSession
INFO: Detected dialect: W3C
FindFailed: src/test/resources/Images/happySmiley.jpg not loaded
  Line 2284, in file Region.java

	at org.sikuli.script.Region.wait(Region.java:2284)
	at org.sikuli.script.Region.wait(Region.java:2302)
	at org.sikuli.script.Region.getLocationFromTarget(Region.java:3329)
	at org.sikuli.script.Region.mouseMove(Region.java:4275)
	at org.sikuli.script.Region.hover(Region.java:3930)
	at pageObjects.HappySmileyPageObjects.happySmileyHover(HappySmileyPageObjects.java:26)
	at stepDefs.HappySmileyStepDef.user_goes_to_Happy_Smiley_in_homepage(HappySmileyStepDef.java:17)
	at java.base/jdk.internal.reflect.NativeMethodAccessorImpl.invoke0(Native Method)
	at java.base/jdk.internal.reflect.NativeMethodAccessorImpl.invoke(NativeMethodAccessorImpl.java:62)
	at java.base/jdk.internal.reflect.DelegatingMethodAccessorImpl.invoke(DelegatingMethodAccessorImpl.java:43)
	at java.base/java.lang.reflect.Method.invoke(Method.java:566)
	at io.cucumber.java.Invoker.doInvoke(Invoker.java:66)
	at io.cucumber.java.Invoker.invoke(Invoker.java:24)
	at io.cucumber.java.AbstractGlueDefinition.invokeMethod(AbstractGlueDefinition.java:47)
	at io.cucumber.java.JavaStepDefinition.execute(JavaStepDefinition.java:29)
	at io.cucumber.core.runner.CoreStepDefinition.execute(CoreStepDefinition.java:66)
	at io.cucumber.core.runner.PickleStepDefinitionMatch.runStep(PickleStepDefinitionMatch.java:63)
	at io.cucumber.core.runner.ExecutionMode$1.execute(ExecutionMode.java:10)
	at io.cucumber.core.runner.TestStep.executeStep(TestStep.java:92)
	at io.cucumber.core.runner.TestStep.run(TestStep.java:64)
	at io.cucumber.core.runner.PickleStepTestStep.run(PickleStepTestStep.java:51)
	at io.cucumber.core.runner.TestCase.run(TestCase.java:104)
	at io.cucumber.core.runner.Runner.runPickle(Runner.java:71)
	at io.cucumber.testng.TestNGCucumberRunner.lambda$runScenario$0(TestNGCucumberRunner.java:116)
	at io.cucumber.core.runtime.CucumberExecutionContext.runTestCase(CucumberExecutionContext.java:117)
	at io.cucumber.testng.TestNGCucumberRunner.runScenario(TestNGCucumberRunner.java:113)
	at io.cucumber.testng.AbstractTestNGCucumberTests.runScenario(AbstractTestNGCucumberTests.java:31)
	at java.base/jdk.internal.reflect.NativeMethodAccessorImpl.invoke0(Native Method)
	at java.base/jdk.internal.reflect.NativeMethodAccessorImpl.invoke(NativeMethodAccessorImpl.java:62)
	at java.base/jdk.internal.reflect.DelegatingMethodAccessorImpl.invoke(DelegatingMethodAccessorImpl.java:43)
	at java.base/java.lang.reflect.Method.invoke(Method.java:566)
	at org.testng.internal.MethodInvocationHelper.invokeMethod(MethodInvocationHelper.java:132)
	at org.testng.internal.TestInvoker.invokeMethod(TestInvoker.java:599)
	at org.testng.internal.TestInvoker.invokeTestMethod(TestInvoker.java:174)
	at org.testng.internal.MethodRunner.runInSequence(MethodRunner.java:46)
	at org.testng.internal.TestInvoker$MethodInvocationAgent.invoke(TestInvoker.java:822)
	at org.testng.internal.TestInvoker.invokeTestMethods(TestInvoker.java:147)
	at org.testng.internal.TestMethodWorker.invokeTestMethods(TestMethodWorker.java:146)
	at org.testng.internal.TestMethodWorker.run(TestMethodWorker.java:128)
	at java.base/java.util.concurrent.ThreadPoolExecutor.runWorker(ThreadPoolExecutor.java:1128)
	at java.base/java.util.concurrent.ThreadPoolExecutor$Worker.run(ThreadPoolExecutor.java:628)
	at java.base/java.lang.Thread.run(Thread.java:834)
]]></system-err>
  </testcase>
</testsuite>