<?xml version="1.0" encoding="UTF-8"?>
<testng-results ignored="0" total="6" passed="5" failed="1" skipped="0">
  <reporter-output>
  </reporter-output>
  <suite started-at="2021-07-06T12:52:46 IST" name="Suite" finished-at="2021-07-06T12:53:48 IST" duration-ms="62810">
    <groups>
      <group name="cucumber">
        <method signature="AbstractTestNGCucumberTests.runScenario(io.cucumber.testng.PickleWrapper, io.cucumber.testng.FeatureWrapper)[pri:0, instance:testRunner.TestRunner@74455848]" name="runScenario" class="io.cucumber.testng.AbstractTestNGCucumberTests"/>
      </group> <!-- cucumber -->
    </groups>
    <test started-at="2021-07-06T12:52:46 IST" name="Test" finished-at="2021-07-06T12:53:48 IST" duration-ms="62810">
      <class name="testRunner.TestRunner">
        <test-method is-config="true" signature="setUpClass()[pri:0, instance:testRunner.TestRunner@74455848]" started-at="2021-07-06T12:52:46 IST" name="setUpClass" finished-at="2021-07-06T12:52:46 IST" duration-ms="642" status="PASS">
          <reporter-output>
          </reporter-output>
        </test-method> <!-- setUpClass -->
        <test-method signature="runScenario(io.cucumber.testng.PickleWrapper, io.cucumber.testng.FeatureWrapper)[pri:0, instance:testRunner.TestRunner@74455848]" started-at="2021-07-06T12:52:46 IST" name="runScenario" description="Runs Cucumber Scenarios" data-provider="scenarios" finished-at="2021-07-06T12:52:54 IST" duration-ms="7281" status="PASS">
          <params>
            <param index="0">
              <value>
                <![CDATA["Validate Different options in Home Page"]]>
              </value>
            </param>
            <param index="1">
              <value>
                <![CDATA["Optional[Validate the OneMap site]"]]>
              </value>
            </param>
          </params>
          <reporter-output>
          </reporter-output>
        </test-method> <!-- runScenario -->
        <test-method signature="runScenario(io.cucumber.testng.PickleWrapper, io.cucumber.testng.FeatureWrapper)[pri:0, instance:testRunner.TestRunner@74455848]" started-at="2021-07-06T12:52:54 IST" name="runScenario" description="Runs Cucumber Scenarios" data-provider="scenarios" finished-at="2021-07-06T12:53:13 IST" duration-ms="19832" status="PASS">
          <params>
            <param index="0">
              <value>
                <![CDATA["Validate Covid Test Providers Option"]]>
              </value>
            </param>
            <param index="1">
              <value>
                <![CDATA["Optional[Validate the OneMap site]"]]>
              </value>
            </param>
          </params>
          <reporter-output>
          </reporter-output>
        </test-method> <!-- runScenario -->
        <test-method signature="runScenario(io.cucumber.testng.PickleWrapper, io.cucumber.testng.FeatureWrapper)[pri:0, instance:testRunner.TestRunner@74455848]" started-at="2021-07-06T12:53:13 IST" name="runScenario" description="Runs Cucumber Scenarios" data-provider="scenarios" finished-at="2021-07-06T12:53:21 IST" duration-ms="7699" status="PASS">
          <params>
            <param index="0">
              <value>
                <![CDATA["Validate Nearby Park Option"]]>
              </value>
            </param>
            <param index="1">
              <value>
                <![CDATA["Optional[Validate the OneMap site]"]]>
              </value>
            </param>
          </params>
          <reporter-output>
          </reporter-output>
        </test-method> <!-- runScenario -->
        <test-method signature="runScenario(io.cucumber.testng.PickleWrapper, io.cucumber.testng.FeatureWrapper)[pri:0, instance:testRunner.TestRunner@74455848]" started-at="2021-07-06T12:53:21 IST" name="runScenario" description="Runs Cucumber Scenarios" data-provider="scenarios" finished-at="2021-07-06T12:53:28 IST" duration-ms="6887" status="PASS">
          <params>
            <param index="0">
              <value>
                <![CDATA["Validate Essential Amenities Option"]]>
              </value>
            </param>
            <param index="1">
              <value>
                <![CDATA["Optional[Validate the OneMap site]"]]>
              </value>
            </param>
          </params>
          <reporter-output>
          </reporter-output>
        </test-method> <!-- runScenario -->
        <test-method signature="runScenario(io.cucumber.testng.PickleWrapper, io.cucumber.testng.FeatureWrapper)[pri:0, instance:testRunner.TestRunner@74455848]" started-at="2021-07-06T12:53:28 IST" name="runScenario" description="Runs Cucumber Scenarios" data-provider="scenarios" finished-at="2021-07-06T12:53:34 IST" duration-ms="5850" status="PASS">
          <params>
            <param index="0">
              <value>
                <![CDATA["Validate Different options in More Menu"]]>
              </value>
            </param>
            <param index="1">
              <value>
                <![CDATA["Optional[Validate the OneMap site]"]]>
              </value>
            </param>
          </params>
          <reporter-output>
          </reporter-output>
        </test-method> <!-- runScenario -->
        <test-method signature="runScenario(io.cucumber.testng.PickleWrapper, io.cucumber.testng.FeatureWrapper)[pri:0, instance:testRunner.TestRunner@74455848]" started-at="2021-07-06T12:53:34 IST" name="runScenario" description="Runs Cucumber Scenarios" data-provider="scenarios" finished-at="2021-07-06T12:53:48 IST" duration-ms="14123" status="FAIL">
          <params>
            <param index="0">
              <value>
                <![CDATA["Validate Happy Smiley Option"]]>
              </value>
            </param>
            <param index="1">
              <value>
                <![CDATA["Optional[Validate the OneMap site]"]]>
              </value>
            </param>
          </params>
          <exception class="org.sikuli.script.FindFailed">
            <message>
              <![CDATA[src/test/resources/Images/HelpUsImproveImage.jpg not loaded]]>
            </message>
            <full-stacktrace>
              <![CDATA[FindFailed: src/test/resources/Images/HelpUsImproveImage.jpg not loaded
  Line 2284, in file Region.java

at org.sikuli.script.Region.wait(Region.java:2284)
at org.sikuli.script.Region.wait(Region.java:2302)
at org.sikuli.script.Region.getLocationFromTarget(Region.java:3329)
at org.sikuli.script.Region.click(Region.java:3982)
at org.sikuli.script.Region.click(Region.java:3958)
at pageObjects.HappySmileyPageObjects.provideRating(HappySmileyPageObjects.java:33)
at stepDefs.HappySmileyStepDef.user_gives_the_rating(HappySmileyStepDef.java:22)
at ✽.User gives the rating(file:///C:/Users/pchatterjee/eclipse-workspace/OneMap/src/test/resources/FeatureFiles/OneMap.feature:64)
]]>
            </full-stacktrace>
          </exception> <!-- org.sikuli.script.FindFailed -->
          <reporter-output>
          </reporter-output>
        </test-method> <!-- runScenario -->
        <test-method is-config="true" signature="tearDownClass()[pri:0, instance:testRunner.TestRunner@74455848]" started-at="2021-07-06T12:53:48 IST" name="tearDownClass" finished-at="2021-07-06T12:53:48 IST" duration-ms="448" status="PASS">
          <reporter-output>
          </reporter-output>
        </test-method> <!-- tearDownClass -->
      </class> <!-- testRunner.TestRunner -->
    </test> <!-- Test -->
  </suite> <!-- Suite -->
</testng-results>
