<?xml version="1.0" encoding="UTF-8"?>
<!-- Generated by org.testng.reporters.JUnitReportReporter -->
<testsuite hostname="HYL-777641" failures="0" tests="6" name="testRunner.TestRunner" time="61.672" errors="1" timestamp="2021-07-06T12:53:49 IST" skipped="0">
  <testcase classname="testRunner.TestRunner" name="runScenario" time="19.832"/>
  <system-out/>
  <testcase classname="testRunner.TestRunner" name="runScenario" time="7.699"/>
  <system-out/>
  <testcase classname="testRunner.TestRunner" name="runScenario" time="14.123">
    <error message="src/test/resources/Images/HelpUsImproveImage.jpg not loaded" type="org.sikuli.script.FindFailed">
      <![CDATA[FindFailed: src/test/resources/Images/HelpUsImproveImage.jpg not loaded
  Line 2284, in file Region.java

at org.sikuli.script.Region.wait(Region.java:2284)
at org.sikuli.script.Region.wait(Region.java:2302)
at org.sikuli.script.Region.getLocationFromTarget(Region.java:3329)
at org.sikuli.script.Region.click(Region.java:3982)
at org.sikuli.script.Region.click(Region.java:3958)
at pageObjects.HappySmileyPageObjects.provideRating(HappySmileyPageObjects.java:33)
at stepDefs.HappySmileyStepDef.user_gives_the_rating(HappySmileyStepDef.java:22)
at ✽.User gives the rating(file:///C:/Users/pchatterjee/eclipse-workspace/OneMap/src/test/resources/FeatureFiles/OneMap.feature:64)
]]>
    </error>
  </testcase> <!-- runScenario -->
  <system-out/>
  <testcase classname="testRunner.TestRunner" name="runScenario" time="5.850"/>
  <system-out/>
  <testcase classname="testRunner.TestRunner" name="runScenario" time="6.887"/>
  <system-out/>
  <testcase classname="testRunner.TestRunner" name="runScenario" time="7.281"/>
  <system-out/>
</testsuite> <!-- testRunner.TestRunner -->
